This is pdfTeX, Version 3.14159265-2.6-1.40.15 (TeX Live 2015/dev/Debian) (preloaded format=latex 2017.10.23)  9 APR 2019 08:26
entering extended mode
 restricted \write18 enabled.
 %&-line parsing enabled.
**manual.tex
(./manual.tex
LaTeX2e <2014/05/01>
Babel <3.9l> and hyphenation patterns for 2 languages loaded.
(/usr/share/texlive/texmf-dist/tex/latex/amscls/amsart.cls
Document Class: amsart 2009/07/02 v2.20.1
\linespacing=\dimen102
\normalparindent=\dimen103
\normaltopskip=\skip41
(/usr/share/texlive/texmf-dist/tex/latex/amsmath/amsmath.sty
Package: amsmath 2013/01/14 v2.14 AMS math features
\@mathmargin=\skip42

For additional information on amsmath, use the `?' option.
(/usr/share/texlive/texmf-dist/tex/latex/amsmath/amstext.sty
Package: amstext 2000/06/29 v2.01

(/usr/share/texlive/texmf-dist/tex/latex/amsmath/amsgen.sty
File: amsgen.sty 1999/11/30 v2.0
\@emptytoks=\toks14
\ex@=\dimen104
))
(/usr/share/texlive/texmf-dist/tex/latex/amsmath/amsbsy.sty
Package: amsbsy 1999/11/29 v1.2d
\pmbraise@=\dimen105
)
(/usr/share/texlive/texmf-dist/tex/latex/amsmath/amsopn.sty
Package: amsopn 1999/12/14 v2.01 operator names
)
\inf@bad=\count79
LaTeX Info: Redefining \frac on input line 210.
\uproot@=\count80
\leftroot@=\count81
LaTeX Info: Redefining \overline on input line 306.
\classnum@=\count82
\DOTSCASE@=\count83
LaTeX Info: Redefining \ldots on input line 378.
LaTeX Info: Redefining \dots on input line 381.
LaTeX Info: Redefining \cdots on input line 466.
\Mathstrutbox@=\box26
\strutbox@=\box27
\big@size=\dimen106
LaTeX Font Info:    Redeclaring font encoding OML on input line 566.
LaTeX Font Info:    Redeclaring font encoding OMS on input line 567.
\macc@depth=\count84
\c@MaxMatrixCols=\count85
\dotsspace@=\muskip10
\c@parentequation=\count86
\dspbrk@lvl=\count87
\tag@help=\toks15
\row@=\count88
\column@=\count89
\maxfields@=\count90
\andhelp@=\toks16
\eqnshift@=\dimen107
\alignsep@=\dimen108
\tagshift@=\dimen109
\tagwidth@=\dimen110
\totwidth@=\dimen111
\lineht@=\dimen112
\@envbody=\toks17
\multlinegap=\skip43
\multlinetaggap=\skip44
\mathdisplay@stack=\toks18
LaTeX Info: Redefining \[ on input line 2665.
LaTeX Info: Redefining \] on input line 2666.
)
LaTeX Font Info:    Try loading font information for U+msa on input line 388.

(/usr/share/texlive/texmf-dist/tex/latex/amsfonts/umsa.fd
File: umsa.fd 2013/01/14 v3.01 AMS symbols A
)
(/usr/share/texlive/texmf-dist/tex/latex/amsfonts/amsfonts.sty
Package: amsfonts 2013/01/14 v3.01 Basic AMSFonts support
\symAMSa=\mathgroup4
\symAMSb=\mathgroup5
LaTeX Font Info:    Overwriting math alphabet `\mathfrak' in version `bold'
(Font)                  U/euf/m/n --> U/euf/b/n on input line 106.
)
\copyins=\insert233
\abstractbox=\box28
\listisep=\skip45
\c@part=\count91
\c@section=\count92
\c@subsection=\count93
\c@subsubsection=\count94
\c@paragraph=\count95
\c@subparagraph=\count96
\c@figure=\count97
\c@table=\count98
\abovecaptionskip=\skip46
\belowcaptionskip=\skip47
\captionindent=\dimen113
\thm@style=\toks19
\thm@bodyfont=\toks20
\thm@headfont=\toks21
\thm@notefont=\toks22
\thm@headpunct=\toks23
\thm@preskip=\skip48
\thm@postskip=\skip49
\thm@headsep=\skip50
\dth@everypar=\toks24
)
(/usr/share/texlive/texmf-dist/tex/latex/base/latexsym.sty
Package: latexsym 1998/08/17 v2.2e Standard LaTeX package (lasy symbols)
\symlasy=\mathgroup6
LaTeX Font Info:    Overwriting symbol font `lasy' in version `bold'
(Font)                  U/lasy/m/n --> U/lasy/b/n on input line 47.
)
(/usr/share/texlive/texmf-dist/tex/latex/graphics/epsfig.sty
Package: epsfig 1999/02/16 v1.7a (e)psfig emulation (SPQR)

(/usr/share/texlive/texmf-dist/tex/latex/graphics/graphicx.sty
Package: graphicx 2014/04/25 v1.0g Enhanced LaTeX Graphics (DPC,SPQR)

(/usr/share/texlive/texmf-dist/tex/latex/graphics/keyval.sty
Package: keyval 2014/05/08 v1.15 key=value parser (DPC)
\KV@toks@=\toks25
)
(/usr/share/texlive/texmf-dist/tex/latex/graphics/graphics.sty
Package: graphics 2009/02/05 v1.0o Standard LaTeX Graphics (DPC,SPQR)

(/usr/share/texlive/texmf-dist/tex/latex/graphics/trig.sty
Package: trig 1999/03/16 v1.09 sin cos tan (DPC)
)
(/usr/share/texlive/texmf-dist/tex/latex/latexconfig/graphics.cfg
File: graphics.cfg 2010/04/23 v1.9 graphics configuration of TeX Live
)
Package graphics Info: Driver file: dvips.def on input line 91.

(/usr/share/texlive/texmf-dist/tex/latex/graphics/dvips.def
File: dvips.def 2014/04/23 v3.0j Driver-dependant file (DPC,SPQR)
))
\Gin@req@height=\dimen114
\Gin@req@width=\dimen115
)
\epsfxsize=\dimen116
\epsfysize=\dimen117
)
(/usr/share/texlive/texmf-dist/tex/latex/amsfonts/amssymb.sty
Package: amssymb 2013/01/14 v3.01 AMS font symbols
)
(/usr/share/texlive/texmf-dist/tex/generic/epsf/epsf.sty
This is `epsf.tex' v2.7.4 <14 February 2011>
\epsffilein=\read1
\epsfframemargin=\dimen118
\epsfframethickness=\dimen119
\epsfrsize=\dimen120
\epsftmp=\dimen121
\epsftsize=\dimen122
\epsfxsize=\dimen123
\epsfysize=\dimen124
\pspoints=\dimen125
) (/usr/share/texlive/texmf-dist/tex/latex/url/url.sty
\Urlmuskip=\muskip11
Package: url 2013/09/16  ver 3.4  Verb mode for urls, etc.
)
\c@proposition=\count99
\c@theorem=\count100
\c@corollary=\count101
\c@algorithm=\count102
\c@lemma=\count103
\c@problem=\count104
\c@conjecture=\count105
\c@claim=\count106
\c@remark=\count107
\c@definition=\count108
 (./manual.aux)
\openout1 = `manual.aux'.

LaTeX Font Info:    Checking defaults for OML/cmm/m/it on input line 53.
LaTeX Font Info:    ... okay on input line 53.
LaTeX Font Info:    Checking defaults for T1/cmr/m/n on input line 53.
LaTeX Font Info:    ... okay on input line 53.
LaTeX Font Info:    Checking defaults for OT1/cmr/m/n on input line 53.
LaTeX Font Info:    ... okay on input line 53.
LaTeX Font Info:    Checking defaults for OMS/cmsy/m/n on input line 53.
LaTeX Font Info:    ... okay on input line 53.
LaTeX Font Info:    Checking defaults for OMX/cmex/m/n on input line 53.
LaTeX Font Info:    ... okay on input line 53.
LaTeX Font Info:    Checking defaults for U/cmr/m/n on input line 53.
LaTeX Font Info:    ... okay on input line 53.
LaTeX Font Info:    Try loading font information for U+msa on input line 53.

(/usr/share/texlive/texmf-dist/tex/latex/amsfonts/umsa.fd
File: umsa.fd 2013/01/14 v3.01 AMS symbols A
)
LaTeX Font Info:    Try loading font information for U+msb on input line 53.

(/usr/share/texlive/texmf-dist/tex/latex/amsfonts/umsb.fd
File: umsb.fd 2013/01/14 v3.01 AMS symbols B
)
LaTeX Font Info:    Try loading font information for U+lasy on input line 53.

(/usr/share/texlive/texmf-dist/tex/latex/base/ulasy.fd
File: ulasy.fd 1998/08/17 v2.2e LaTeX symbol font definitions
) [1] [2]
Overfull \hbox (1.20515pt too wide) in paragraph at lines 186--187
[]\OT1/cmtt/m/n/12 "LON"\OT1/cmr/m/n/12 : The Longuet-Higgins for-mu-la-tion of
 barotropic cou-
 []

[3]
Overfull \hbox (5.9591pt too wide) in paragraph at lines 201--202
[]\OT1/cmr/m/n/12 With ROMS when com-piled with the PGMCL li-brary and ROMS 
 []

[4]
Overfull \hbox (29.80869pt too wide) in paragraph at lines 233--234
[]\OT1/cmtt/m/n/12 MINDIR \OT1/cmr/m/n/12 (float): min-i-mal di-rec-tion. It on
ly makes sense if LCIRCD=T.
 []


Overfull \hbox (32.09338pt too wide) in paragraph at lines 234--235
[]\OT1/cmtt/m/n/12 MAXDIR \OT1/cmr/m/n/12 (float): max-i-mal di-rec-tion. It on
ly makes sense if LCIRCD=T.
 []


Overfull \hbox (4.32472pt too wide) in paragraph at lines 251--252
[]\OT1/cmr/m/n/12 The fre-quen-cies of the model are put in an ex-po-nen-tial g
rid \OT1/cmtt/m/n/12 FR(1:MSC)
 []


Underfull \vbox (badness 7595) has occurred while \output is active []

 [5]
[6] [7]
Overfull \hbox (11.18181pt too wide) in paragraph at lines 352--353
[]\OT1/cmtt/m/n/12 LPARMDIR \OT1/cmr/m/n/12 (log-i-cal): If LPAR-MDIR is true t
han di-rec-tional spread-
 []


Underfull \vbox (badness 10000) has occurred while \output is active []

 [8]
Overfull \hbox (1.34282pt too wide) in paragraph at lines 394--395
[]\OT1/cmtt/m/n/12 WBPKEN \OT1/cmr/m/n/12 (float): Peak en-hance-ment fac-tor f
or Jon-swap Spec-
 []


Underfull \vbox (badness 10000) has occurred while \output is active []

 [9]
Overfull \hbox (8.24864pt too wide) in paragraph at lines 453--454
[]\OT1/cmtt/m/n/12 LWINDFROMWWM \OT1/cmr/m/n/12 (log-i-cal): Whether wind shoul
d come from WWM.
 []

[10]
Overfull \hbox (3.13603pt too wide) in paragraph at lines 461--462
[]\OT1/cmr/m/n/12 Otherwise, the wind is ob-tained by the se-lec-tion of \OT1/c
mtt/m/n/12 IWINDFORMAT\OT1/cmr/m/n/12 .
 []


Overfull \hbox (1.49821pt too wide) in paragraph at lines 471--472
[]\OT1/cmtt/m/n/12 3\OT1/cmr/m/n/12 : NOAA CFRS grib netcdf files. List of file
s is in \OT1/cmtt/m/n/12 FILEWAVE 
 []


Overfull \hbox (5.08012pt too wide) in paragraph at lines 472--473
[]\OT1/cmtt/m/n/12 4\OT1/cmr/m/n/12 : NOAA NARR grib netcdf files. List of file
s is in \OT1/cmtt/m/n/12 FILEWAVE 
 []


Overfull \hbox (34.3594pt too wide) in paragraph at lines 480--481
\OT1/cmr/m/n/12 Following op-tions are spe-cific to the GRIB in-put files (op-t
ion \OT1/cmtt/m/n/12 IWINDFORMAT=7\OT1/cmr/m/n/12 ): 
 []

[11]
Overfull \hbox (22.85019pt too wide) in paragraph at lines 521--521
[] \OT1/cmtt/m/n/12 LSECU          = F                  ! Time dependend curren
ts[] 
 []


Overfull \hbox (189.57527pt too wide) in paragraph at lines 521--521
[] \OT1/cmtt/m/n/12 LINTERCU       = F                  ! Interpolate linear wi
thin the wind input time step[] 
 []


Overfull \hbox (325.42534pt too wide) in paragraph at lines 521--521
[] \OT1/cmtt/m/n/12 FILECUR        = 'current.dat'      ! Current file name; in
put file format: write(*,*) curtx; write(*,*) curty[] 
 []


Overfull \hbox (127.82524pt too wide) in paragraph at lines 521--521
[] \OT1/cmtt/m/n/12 LERGINP        = F                  ! read timor file for i
nput ... ergzus.bin[] 
 []


Overfull \hbox (115.47523pt too wide) in paragraph at lines 521--521
[] \OT1/cmtt/m/n/12 MULTIPLE_IN   = T                   ! If T then all process
 are reading data[] 
 []


Overfull \hbox (103.12523pt too wide) in paragraph at lines 521--521
[]                                     \OT1/cmtt/m/n/12 ! If F then only proces
s 0 does it and[] 
 []


Overfull \hbox (47.5502pt too wide) in paragraph at lines 521--521
[]                                     \OT1/cmtt/m/n/12 ! then spread to other 
nodes.[] 
 []


Overfull \hbox (22.85019pt too wide) in paragraph at lines 550--550
[] \OT1/cmtt/m/n/12 LSEWL          = F                  ! Time dependend curren
ts[] 
 []


Overfull \hbox (189.57527pt too wide) in paragraph at lines 550--550
[] \OT1/cmtt/m/n/12 LINTERWL       = F                  ! Interpolate linear wi
thin the wind input time step[] 
 []


Overfull \hbox (4.32518pt too wide) in paragraph at lines 550--550
[] \OT1/cmtt/m/n/12 LCWLV          = T                  ! Constant water level[
] 
 []


Overfull \hbox (78.42522pt too wide) in paragraph at lines 550--550
[] \OT1/cmtt/m/n/12 CWATLV         = 0.0                ! elevation of the wate
r level [m][] 
 []

[12]
Overfull \hbox (226.62529pt too wide) in paragraph at lines 550--550
[] \OT1/cmtt/m/n/12 FILEWATL       = '_'                ! water level file name
; input file format: write(*,*) eta[] 
 []


Overfull \hbox (115.47523pt too wide) in paragraph at lines 550--550
[] \OT1/cmtt/m/n/12 MULTIPLE_IN   = T                   ! If T then all process
 are reading data[] 
 []


Overfull \hbox (103.12523pt too wide) in paragraph at lines 550--550
[]                                     \OT1/cmtt/m/n/12 ! If F then only proces
s 0 does it and[] 
 []


Overfull \hbox (47.5502pt too wide) in paragraph at lines 550--550
[]                                     \OT1/cmtt/m/n/12 ! then spread to other 
nodes.[] 
 []


Overfull \hbox (30.36617pt too wide) in paragraph at lines 554--555
 \OT1/cmr/m/n/12 4.9.\OT1/cmr/bx/n/12 Section \OT1/cmtt/m/n/12 ENGS\OT1/cmr/bx/
n/12 .[] \OT1/cmr/m/n/12 This sec-tion spec-i-fies the choices of phys-i-cal pa
rametriza-
 []


Overfull \hbox (609.47548pt too wide) in paragraph at lines 576--576
[] \OT1/cmtt/m/n/12 LPRECOMPST4    = T                  ! Precompute the indice
s and weightings for the Ardhuin et al. formulation and save to disk, if it is 
.F. then the saved[] 
 []


Overfull \hbox (35.2002pt too wide) in paragraph at lines 576--576
[]                                     \OT1/cmtt/m/n/12 ! values are read from 
disk[] 
 []


LaTeX Warning: Citation `ArdhuinSurfaceStressFormulation' on page 13 undefined 
on input line 587.


LaTeX Warning: Citation `CycleIV' on page 13 undefined on input line 588.


LaTeX Warning: Citation `MakinStam' on page 13 undefined on input line 589.

[13]

LaTeX Warning: Citation `BattjesJanssen' on page 14 undefined on input line 620
.


LaTeX Warning: Citation `ThorntonGuza' on page 14 undefined on input line 621.


LaTeX Warning: Citation `LTA' on page 14 undefined on input line 629.


Underfull \vbox (badness 10000) has occurred while \output is active []

 [14]
Overfull \hbox (628.00049pt too wide) in paragraph at lines 733--733
[] \OT1/cmtt/m/n/12 RTHETA         = 0.5                ! Weighing factor for D
METHOD = 1, not really useful since Crank Nicholson integration can only be mon
totone for CFL .le. 2[] 
 []


Overfull \hbox (306.90033pt too wide) in paragraph at lines 733--733
[] \OT1/cmtt/m/n/12 LITERSPLIT     = F                  ! T: double Strang spli
t; F: simple split (more efficienct). Default: F[] 
 []


Overfull \hbox (504.50043pt too wide) in paragraph at lines 733--733
[]                                     \OT1/cmtt/m/n/12 ! LFILTERTH: use a CFL 
filter to limit the advection vel. In directional space. This is similar to WW3
.[] 
 []


Overfull \hbox (127.82524pt too wide) in paragraph at lines 733--733
[]                                     \OT1/cmtt/m/n/12 ! Mostly not used. WWMI
I is always stable.[] 
 []


Overfull \hbox (177.22527pt too wide) in paragraph at lines 733--733
[] \OT1/cmtt/m/n/12 MAXCFLTH       = 1.0                ! Max Cfl in Theta spac
e; used only if LFILTERTH=T[] 
 []


Overfull \hbox (226.62529pt too wide) in paragraph at lines 733--733
[] \OT1/cmtt/m/n/12 LFILTERSIG     = F                  ! Limit the advection v
elocitiy in freq. space (usually F)[] 
 []


Overfull \hbox (183.40027pt too wide) in paragraph at lines 733--733
[] \OT1/cmtt/m/n/12 MAXCFLSIG      = 1.0                ! Max Cfl in freq. spac
e; used only if LFILTERSIG=T[] 
 []


Overfull \hbox (313.07533pt too wide) in paragraph at lines 733--733
[] \OT1/cmtt/m/n/12 LLIMT          = T                  ! Switch on/off Action 
limiter, Action limiter must mostly be turned on.[] 
 []


Overfull \hbox (90.77522pt too wide) in paragraph at lines 733--733
[]                                     \OT1/cmtt/m/n/12 ! Formulation for the a
ction limiter[] 
 []


Overfull \hbox (134.00024pt too wide) in paragraph at lines 733--733
[]                                     \OT1/cmtt/m/n/12 ! Limiter according to 
the WAM group (1988)[] 
 []


Overfull \hbox (152.52525pt too wide) in paragraph at lines 733--733
[]                                     \OT1/cmtt/m/n/12 ! Limiter according to 
Hersbach Janssen (1999)[] 
 []


Overfull \hbox (776.20056pt too wide) in paragraph at lines 733--733
[]                                     \OT1/cmtt/m/n/12 ! For MESIN = 1 and MES
DS = 1, which represents Cycle 3 formulation or Ardhuin, or other formulations 
except Cycle4, use MELIM = 1 and LIMFAK = 0.1[] 
 []


Overfull \hbox (479.80042pt too wide) in paragraph at lines 733--733
[]                                     \OT1/cmtt/m/n/12 ! For MESIN = 2 and MES
DS = 2, which represents Cycle 4 formulation, use MELIM = 2 and LIMFAK = 0.6[] 

 []


Overfull \hbox (35.2002pt too wide) in paragraph at lines 733--733
[]                                     \OT1/cmtt/m/n/12 ! For WAM we need MELIM
 = 3[] 
 []


Overfull \hbox (541.55045pt too wide) in paragraph at lines 733--733
[] \OT1/cmtt/m/n/12 LIMFAK         = 0.6                ! Proportionality coeff
icient for the action limiter MAX_DAC_DT = Limfak * Limiter; see notes above fo
r value[] 
 []


Overfull \hbox (578.60046pt too wide) in paragraph at lines 733--733
[] \OT1/cmtt/m/n/12 LDIFR          = T                  ! Use phase decoupled d
iffraction approximation according to Holthuijsen et al. (2003) (usually T; if 
crash, use F)[] 
 []


Overfull \hbox (763.85056pt too wide) in paragraph at lines 733--733
[] \OT1/cmtt/m/n/12 IDIFFR         = 1                  ! Extended WAE account 
for higher order effects WAE becomes nonlinear; 1: Holthuijsen et al. ; 2: Liau
 et al. ; 3: Toledo et al. (in preparation)[] 
 []


Overfull \hbox (325.42534pt too wide) in paragraph at lines 733--733
[] \OT1/cmtt/m/n/12 LCONV          = F                  ! Estimate convergence 
criterian and write disk (quasi-steady - qstea.out)[] 
 []


Overfull \hbox (134.00024pt too wide) in paragraph at lines 733--733
[] \OT1/cmtt/m/n/12 LCFL           = F                  ! Write out CFL numbers
; use F to save time[] 
 []


Overfull \hbox (387.17537pt too wide) in paragraph at lines 733--733
[] \OT1/cmtt/m/n/12 NQSITER        = 1                  ! # of quasi-steady (Q-
S) sub-divisions within each WWM time step (trial and errors)[] 
 []


Overfull \hbox (387.17537pt too wide) in paragraph at lines 733--733
[] \OT1/cmtt/m/n/12 QSCONV1        = 0.98               ! Number of grid points
 [%/100] that have to fulfill abs. wave height criteria EPSH1[] 
 []


Overfull \hbox (387.17537pt too wide) in paragraph at lines 733--733
[] \OT1/cmtt/m/n/12 QSCONV2        = 0.98               ! Number of grid points
 [%/100] that have to fulfill rel. wave height criteria EPSH2[] 
 []


Underfull \vbox (badness 10000) has occurred while \output is active []

 [15]
Overfull \hbox (418.05038pt too wide) in paragraph at lines 733--733
[] \OT1/cmtt/m/n/12 QSCONV3        = 0.98               ! Number of grid points
 [%/100] that have to fulfill sum. rel. wave action criteria EPSH3[] 
 []


Overfull \hbox (436.5754pt too wide) in paragraph at lines 733--733
[] \OT1/cmtt/m/n/12 QSCONV4        = 0.98               ! Number of grid points
 [%/100] that have to fulfill rel. avg. wave steepness criteria EPSH4[] 
 []


Overfull \hbox (418.05038pt too wide) in paragraph at lines 733--733
[] \OT1/cmtt/m/n/12 QSCONV5        = 0.98               ! Number of grid points
 [%/100] that have to fulfill avg. rel. wave period criteria EPSH5[] 
 []


Overfull \hbox (411.87538pt too wide) in paragraph at lines 733--733
[] \OT1/cmtt/m/n/12 LEXPIMP        = F                  ! Use implicit schemes 
for freq. lower than given below by FREQEXP; used only if ICOMP=0[] 
 []


Overfull \hbox (337.77534pt too wide) in paragraph at lines 733--733
[] \OT1/cmtt/m/n/12 FREQEXP        = 0.1                ! Minimum frequency for
 explicit schemes; only used if LEXPIMP=T and ICOMP=0[] 
 []


Overfull \hbox (430.40039pt too wide) in paragraph at lines 733--733
[] \OT1/cmtt/m/n/12 EPSH1          = 0.01               ! Convergence criteria 
for rel. wave height ! EPSH1 < CONVK1 = REAL(ABS(HSOLD(IP)-HS2)/HS2)[] 
 []


Overfull \hbox (405.70038pt too wide) in paragraph at lines 733--733
[] \OT1/cmtt/m/n/12 EPSH2          = 0.01               ! Convergence criteria 
for abs. wave height ! EPSH2 < CONVK2 = REAL(ABS(HS2-HSOLD(IP)))[] 
 []


Overfull \hbox (541.55045pt too wide) in paragraph at lines 733--733
[] \OT1/cmtt/m/n/12 EPSH3          = 0.01               ! Convergence criteria 
for the rel. sum of wave action ! EPSH3 < CONVK3 = REAL(ABS(SUMACOLD(IP)-SUMAC)
/SUMAC)[] 
 []


Overfull \hbox (615.65048pt too wide) in paragraph at lines 733--733
[] \OT1/cmtt/m/n/12 EPSH4          = 0.01               ! Convergence criteria 
for the rel. avg. wave steepness criteria ! EPSH4 < CONVK4 = REAL(ABS(KHS2-KHSO
LD(IP))/KHSOLD(IP))[] 
 []


Overfull \hbox (492.15042pt too wide) in paragraph at lines 733--733
[] \OT1/cmtt/m/n/12 EPSH5          = 0.01               ! Convergence criteria 
for the rel. avg. waveperiod ! EPSH5 < REAL(ABS(TM02-TM02OLD(IP))/TM02OLD(IP))[
] 
 []


Overfull \hbox (646.5255pt too wide) in paragraph at lines 733--733
[] \OT1/cmtt/m/n/12 LVECTOR        = T                  ! Use optmized propagat
ion routines for large high performance computers e.g. at least more than 128 C
PU. Try LVECTOR=F first.[] 
 []


Overfull \hbox (220.45029pt too wide) in paragraph at lines 733--733
[] \OT1/cmtt/m/n/12 IVECTOR        = 2                  ! USed if LVECTOR=T; Di
fferent flavours of communications[] 
 []


Overfull \hbox (436.5754pt too wide) in paragraph at lines 733--733
[]                                     \OT1/cmtt/m/n/12 ! LVECTOR = 1; same pro
pagation style as if LVECTOR = F, this is for testing and development[] 
 []


Overfull \hbox (646.5255pt too wide) in paragraph at lines 733--733
[]                                     \OT1/cmtt/m/n/12 ! LVECTOR = 2; all spec
tral bins are propagated with the same time step and communications is done onl
y once per sub-iteration[] 
 []


Overfull \hbox (671.22551pt too wide) in paragraph at lines 733--733
[]                                     \OT1/cmtt/m/n/12 ! LVECTOR = 3; all dire
ctions with the same freq. are propgated using the same time step the communica
tions is done for each freq.[] 
 []


Overfull \hbox (343.95035pt too wide) in paragraph at lines 733--733
[]                                     \OT1/cmtt/m/n/12 ! LVECTOR = 4; 2 but fo
r mixed open-mpi, code has to be compiled with -openmp[] 
 []


Overfull \hbox (343.95035pt too wide) in paragraph at lines 733--733
[]                                     \OT1/cmtt/m/n/12 ! LVECTOR = 5; 3 but fo
r mixed open-mpi, code has to be compiled with -openmp[] 
 []


Overfull \hbox (597.12547pt too wide) in paragraph at lines 733--733
[]                                     \OT1/cmtt/m/n/12 ! LVECTOR = 6; same as 
2 but highly optmizied with respect to memory usage, of course it is must less 
efficient than 2[] 
 []


Overfull \hbox (615.65048pt too wide) in paragraph at lines 733--733
[]                                     \OT1/cmtt/m/n/12 ! remarks: if you are u
sing this routines be aware that the memory amount that is used is approx. for 
LVECTOR 1-5 arround[] 
 []


Overfull \hbox (652.7005pt too wide) in paragraph at lines 733--733
[]                                     \OT1/cmtt/m/n/12 ! 24 * MSC * MDC * MNP,
 so if you are trying this on 1 CPU you get a segmentation fault if your system
 has not enough memory or[] 
 []


Overfull \hbox (720.62553pt too wide) in paragraph at lines 733--733
[]                                     \OT1/cmtt/m/n/12 ! if your system is not
 properly configured it may results into the fact that your computer starts blo
cking since it try's to swap to disk[] 
 []


Overfull \hbox (325.42534pt too wide) in paragraph at lines 733--733
[]                                     \OT1/cmtt/m/n/12 ! The total amount of m
emoery used per CPU = 24 * MSC * MDC * MNP / No.CPU[] 
 []


Overfull \hbox (263.67531pt too wide) in paragraph at lines 733--733
[] \OT1/cmtt/m/n/12 LADVTEST       = F                  ! for testing the advec
tion schemes, testcase will be added soon[] 
 []


Overfull \hbox (504.50043pt too wide) in paragraph at lines 733--733
[] \OT1/cmtt/m/n/12 LCHKCONV       = F                  ! needs to set to .true
. for quasi-steady mode. in order to compute the QSCONVi criteria and check the
m[] 
 []


Overfull \hbox (115.47523pt too wide) in paragraph at lines 733--733
[] \OT1/cmtt/m/n/12 DTMIN_DYN      =   1.00000000000000 ! min. time step for dy
namic integration[] 
 []


Overfull \hbox (381.00037pt too wide) in paragraph at lines 733--733
[] \OT1/cmtt/m/n/12 NDYNITER       =         100,       ! max. iteration for dy
n. scheme afterwards the limiter is applied in the last step[] 
 []


Overfull \hbox (615.65048pt too wide) in paragraph at lines 733--733
[] \OT1/cmtt/m/n/12 DTMIN_SIN      =   1.00000000000000 ! min. time steps for t
he full fractional step method, where each source term is integrated with it's 
own fractional step[] 
 []


Overfull \hbox (306.90033pt too wide) in paragraph at lines 733--733
[] \OT1/cmtt/m/n/12 NDYNITER_SIN   =          10,       ! max. iterations for e
ach source term in the fractional step approach.[] 
 []


Overfull \hbox (121.65024pt too wide) in paragraph at lines 733--733
[] \OT1/cmtt/m/n/12 LZETA_SETUP    = F,                 ! T/F, whether to compu
te the wave setup.[] 
 []


Overfull \hbox (90.77522pt too wide) in paragraph at lines 733--733
[] \OT1/cmtt/m/n/12 ZETA_METH      = 0,                 ! 0: use a simple conju
gate gradient[] 
 []

[16]
Overfull \hbox (238.9753pt too wide) in paragraph at lines 733--733
[] \OT1/cmtt/m/n/12 SOLVERTHR       =  1.000000000000000E-5, ! Thr for the Bloc
k-Jacobi or Block-Gauss-Seider solver[] 
 []


Overfull \hbox (66.07521pt too wide) in paragraph at lines 733--733
[] \OT1/cmtt/m/n/12 MAXITER =         100,                   ! Max. number of i
terations[] 
 []


Overfull \hbox (41.3752pt too wide) in paragraph at lines 733--733
[] \OT1/cmtt/m/n/12 LNANINFCHK      = T,                     ! Check for NaN an
d INF[] 
 []


Overfull \hbox (22.85019pt too wide) in paragraph at lines 733--733
[] \OT1/cmtt/m/n/12 LZETA_SETUP     = F,                     ! Compute wave set
up[] 
 []


Overfull \hbox (195.75027pt too wide) in paragraph at lines 733--733
[] \OT1/cmtt/m/n/12 ZETA_METH       =           0,           ! Method for wave 
setup, Mathieu please explain![] 
 []


Overfull \hbox (208.10028pt too wide) in paragraph at lines 733--733
[] \OT1/cmtt/m/n/12 LSOURCESWAM     = T,                     ! Use ECMWF WAM fo
rmualtion for deep water physics[] 
 []


Overfull \hbox (343.95035pt too wide) in paragraph at lines 733--733
[] \OT1/cmtt/m/n/12 LSOURCESWWIII   = F,                     ! WW3 Ardhuin et a
l. sources, not working yet in this code use MESIN = 1[] 
 []


Overfull \hbox (10.11743pt too wide) in paragraph at lines 757--758
[]\OT1/cmtt/m/n/12 BLOCK[]GAUSS[]SEIDEL \OT1/cmr/m/n/12 (log-i-cal): Un-der thi
s op-tion, the Gauss-
 []

[17]
Overfull \hbox (29.92024pt too wide) in paragraph at lines 766--767
[]\OT1/cmtt/m/n/12 0\OT1/cmr/m/n/12 : the \OT1/cmtt/m/n/12 ASPAR[]JAC(MSC,MDC,N
NZ)\OT1/cmr/m/n/12 , \OT1/cmtt/m/n/12 CAD[]THE(MSC,MDC,MNP)\OT1/cmr/m/n/12 ,
 []


Overfull \hbox (2.19559pt too wide) in paragraph at lines 780--781
[]\OT1/cmtt/m/n/12 SMETHOD \OT1/cmr/m/n/12 (in-te-ger): the choice of source te
rm in-te-gra-tion method.
 []

[18]

LaTeX Warning: Citation `WAMDIgroup' on page 19 undefined on input line 807.


LaTeX Warning: Citation `HersbachJanssen' on page 19 undefined on input line 80
8.

[19]
Overfull \hbox (41.3752pt too wide) in paragraph at lines 898--898
[] \OT1/cmtt/m/n/12 HS             = F                  ! 1: significant wave h
eight[] 
 []


Overfull \hbox (53.7252pt too wide) in paragraph at lines 898--898
[] \OT1/cmtt/m/n/12 TM02           = F                  ! 3: zero-crossing mean
 period[] 
 []


Overfull \hbox (16.67519pt too wide) in paragraph at lines 898--898
[] \OT1/cmtt/m/n/12 DM             = F                  ! 9: mean wave directio
n[] 
 []


Overfull \hbox (29.02519pt too wide) in paragraph at lines 898--898
[] \OT1/cmtt/m/n/12 DSPR           = F                  !10: directional spread
ing[] 
 []


Overfull \hbox (53.7252pt too wide) in paragraph at lines 898--898
[] \OT1/cmtt/m/n/12 TPPD           = F                  !11: discrete peak wave
 period[] 
 []


Overfull \hbox (47.5502pt too wide) in paragraph at lines 898--898
[] \OT1/cmtt/m/n/12 CPPD           = F                  !12: discrete peak wave
 speed[] 
 []


Overfull \hbox (53.7252pt too wide) in paragraph at lines 898--898
[] \OT1/cmtt/m/n/12 KPPD           = F                  !13: discrete peak wave
 number[] 
 []


Overfull \hbox (53.7252pt too wide) in paragraph at lines 898--898
[] \OT1/cmtt/m/n/12 CGPD           = F                  !14: discrete peak grou
p speed[] 
 []


Overfull \hbox (59.9002pt too wide) in paragraph at lines 898--898
[] \OT1/cmtt/m/n/12 PEAKDSPR       = F                  !22: peak directional s
preading[] 
 []


Overfull \hbox (41.3752pt too wide) in paragraph at lines 898--898
[] \OT1/cmtt/m/n/12 DPEAK          = F                  !23: discrete peak dire
ction[] 
 []


Overfull \hbox (16.67519pt too wide) in paragraph at lines 898--898
[] \OT1/cmtt/m/n/12 ORBITAL        = F                  !25: bottom orbital vel
.[] 
 []


Overfull \hbox (29.02519pt too wide) in paragraph at lines 898--898
[] \OT1/cmtt/m/n/12 UFRIC          = F                  !29: air friction veloc
ity[] 
 []


Overfull \hbox (22.85019pt too wide) in paragraph at lines 898--898
[] \OT1/cmtt/m/n/12 Z0             = F                  !30: air roughness leng
th[] 
 []


Overfull \hbox (72.25021pt too wide) in paragraph at lines 898--898
[] \OT1/cmtt/m/n/12 ALPHA_CH       = F                  !31: Charnoch coefficie
nt for air[] 
 []


Overfull \hbox (16.67519pt too wide) in paragraph at lines 898--898
[] \OT1/cmtt/m/n/12 WINDX          = F                  !32: Wind in X directio
n[] 
 []


Overfull \hbox (16.67519pt too wide) in paragraph at lines 898--898
[] \OT1/cmtt/m/n/12 WINDY          = F                  !33: Wind in Y directio
n[] 
 []


Overfull \hbox (35.2002pt too wide) in paragraph at lines 898--898
[] \OT1/cmtt/m/n/12 CURRTX         = F                  !35: current in X direc
tion[] 
 []


Overfull \hbox (35.2002pt too wide) in paragraph at lines 898--898
[] \OT1/cmtt/m/n/12 CURRTY         = F                  !36: current in Y direc
tion[] 
 []

[20]
Overfull \hbox (103.12523pt too wide) in paragraph at lines 898--898
[] \OT1/cmtt/m/n/12 WATLEVOLD      = F                  !38: water level at pre
vious time step[] 
 []


Overfull \hbox (78.42522pt too wide) in paragraph at lines 898--898
[] \OT1/cmtt/m/n/12 DEPDT          = F                  !39: change of water le
vel in time[] 
 []


Overfull \hbox (72.25021pt too wide) in paragraph at lines 898--898
[] \OT1/cmtt/m/n/12 TAUW           = F                  !42: surface stress fro
m the wave[] 
 []


Overfull \hbox (78.42522pt too wide) in paragraph at lines 898--898
[] \OT1/cmtt/m/n/12 TAUWX          = F                  !43: surface stress in 
X direction[] 
 []


Overfull \hbox (78.42522pt too wide) in paragraph at lines 898--898
[] \OT1/cmtt/m/n/12 TAUWY          = F                  !44: surface stress in 
Y direction[] 
 []


Overfull \hbox (78.42522pt too wide) in paragraph at lines 898--898
[] \OT1/cmtt/m/n/12 TAUHF          = F                  !45: high frequency sur
face stress[] 
 []


Overfull \hbox (22.85019pt too wide) in paragraph at lines 898--898
[] \OT1/cmtt/m/n/12 TAUTOT         = F                  !46: total surface stre
ss[] 
 []


Overfull \hbox (109.30023pt too wide) in paragraph at lines 898--898
[] \OT1/cmtt/m/n/12 STOKESBOTTX    = F                  !47: Bottom Stokes drif
t in X direction[] 
 []


Overfull \hbox (109.30023pt too wide) in paragraph at lines 898--898
[] \OT1/cmtt/m/n/12 STOKESBOTTY    = F                  !48: Bottom Stokes drif
t in X direction[] 
 []


Overfull \hbox (115.47523pt too wide) in paragraph at lines 898--898
[] \OT1/cmtt/m/n/12 STOKESSURFX    = F                  !49: Surface Stokes dri
ft in X direction[] 
 []


Overfull \hbox (115.47523pt too wide) in paragraph at lines 898--898
[] \OT1/cmtt/m/n/12 STOKESSURFY    = F                  !50: Surface Stokes dri
ft in X direction[] 
 []


Overfull \hbox (134.00024pt too wide) in paragraph at lines 898--898
[] \OT1/cmtt/m/n/12 STOKESBAROX    = F                  !51: Barotropic Stokes 
drift in X direction[] 
 []


Overfull \hbox (134.00024pt too wide) in paragraph at lines 898--898
[] \OT1/cmtt/m/n/12 STOKESBAROY    = F                  !52: Barotropic Stokes 
drift in Y direction[] 
 []


Overfull \hbox (22.85019pt too wide) in paragraph at lines 898--898
[] \OT1/cmtt/m/n/12 RSXX           = F                  !53: RSXX potential of 
LH[] 
 []


Overfull \hbox (22.85019pt too wide) in paragraph at lines 898--898
[] \OT1/cmtt/m/n/12 RSXY           = F                  !54: RSXY potential of 
LH[] 
 []


Overfull \hbox (22.85019pt too wide) in paragraph at lines 898--898
[] \OT1/cmtt/m/n/12 RSYY           = F                  !55: RSYY potential of 
LH[] 
 []


Overfull \hbox (16.67519pt too wide) in paragraph at lines 898--898
[] \OT1/cmtt/m/n/12 ZETA_SETUP     = F                  !59: wave induced setup
.[] 
 []


Underfull \vbox (badness 2213) has occurred while \output is active []

 [21]
Overfull \hbox (35.2002pt too wide) in paragraph at lines 1021--1021
[] \OT1/cmtt/m/n/12 IOUTS          = 8                  ! Number of output stat
ions[] 
 []


Overfull \hbox (245.1503pt too wide) in paragraph at lines 1021--1021
[] \OT1/cmtt/m/n/12 NOUTS          = 'P-1', 'P-2', 'P-3', 'P-4', 'P-5', 'P-6', 
'P-7', 'P-8'! Name of output locations[] 
 []


Overfull \hbox (294.55032pt too wide) in paragraph at lines 1021--1021
[] \OT1/cmtt/m/n/12 XOUTS          = 7280., 7257., 7324., 7319., 7302., 7270., 
7958., 8663.! X-Coordinate of output locations[] 
 []


Overfull \hbox (331.60034pt too wide) in paragraph at lines 1021--1021
[] \OT1/cmtt/m/n/12 YOUTS          = 19574., 18549., 17129., 15549., 14096., 12
615., 8669., 5598.! Y-Coordinate of output locations[] 
 []


Overfull \hbox (232.8003pt too wide) in paragraph at lines 1021--1021
[] \OT1/cmtt/m/n/12 CUTOFF         = 8*0.44             ! cutoff freq (Hz) for 
each station - consistent with buoys[] 
 []


Overfull \hbox (41.3752pt too wide) in paragraph at lines 1021--1021
[] \OT1/cmtt/m/n/12 LSP1D          = T                  ! 1D spectral station o
utput[] 
 []


Overfull \hbox (41.3752pt too wide) in paragraph at lines 1021--1021
[] \OT1/cmtt/m/n/12 LSP2D          = F                  ! 2D spectral station o
utput[] 
 []


Overfull \hbox (356.30035pt too wide) in paragraph at lines 1021--1021
[] \OT1/cmtt/m/n/12 LSIGMAX        = T                  ! Adjust the cut-freq. 
for the output (e.g. consistent with buoy cut-off freq.)[] 
 []


Overfull \hbox (158.70026pt too wide) in paragraph at lines 1021--1021
[]\OT1/cmtt/m/n/12 ! Below is selection for station specific variables. Default
 is F for all variables.[] 
 []

[22]
Overfull \hbox (78.42522pt too wide) in paragraph at lines 1021--1021
[]\OT1/cmtt/m/n/12 ! Below is selection for all variables. Default is F for all
 variables.[] 
 []


Overfull \hbox (41.3752pt too wide) in paragraph at lines 1021--1021
[] \OT1/cmtt/m/n/12 HS             = F                  ! 1: significant wave h
eight[] 
 []


Overfull \hbox (53.7252pt too wide) in paragraph at lines 1021--1021
[] \OT1/cmtt/m/n/12 TM02           = F                  ! 3: zero-crossing mean
 period[] 
 []


Overfull \hbox (16.67519pt too wide) in paragraph at lines 1021--1021
[] \OT1/cmtt/m/n/12 DM             = F                  ! 9: mean wave directio
n[] 
 []


Overfull \hbox (29.02519pt too wide) in paragraph at lines 1021--1021
[] \OT1/cmtt/m/n/12 DSPR           = F                  !10: directional spread
ing[] 
 []


Overfull \hbox (53.7252pt too wide) in paragraph at lines 1021--1021
[] \OT1/cmtt/m/n/12 TPPD           = F                  !11: discrete peak wave
 period[] 
 []


Overfull \hbox (47.5502pt too wide) in paragraph at lines 1021--1021
[] \OT1/cmtt/m/n/12 CPPD           = F                  !12: discrete peak wave
 speed[] 
 []


Overfull \hbox (53.7252pt too wide) in paragraph at lines 1021--1021
[] \OT1/cmtt/m/n/12 KPPD           = F                  !13: discrete peak wave
 number[] 
 []


Overfull \hbox (53.7252pt too wide) in paragraph at lines 1021--1021
[] \OT1/cmtt/m/n/12 CGPD           = F                  !14: discrete peak grou
p speed[] 
 []


Overfull \hbox (59.9002pt too wide) in paragraph at lines 1021--1021
[] \OT1/cmtt/m/n/12 PEAKDSPR       = F                  !22: peak directional s
preading[] 
 []


Overfull \hbox (41.3752pt too wide) in paragraph at lines 1021--1021
[] \OT1/cmtt/m/n/12 DPEAK          = F                  !23: discrete peak dire
ction[] 
 []


Overfull \hbox (16.67519pt too wide) in paragraph at lines 1021--1021
[] \OT1/cmtt/m/n/12 ORBITAL        = F                  !25: bottom orbital vel
.[] 
 []


Overfull \hbox (29.02519pt too wide) in paragraph at lines 1021--1021
[] \OT1/cmtt/m/n/12 UFRIC          = F                  !29: air friction veloc
ity[] 
 []


Overfull \hbox (22.85019pt too wide) in paragraph at lines 1021--1021
[] \OT1/cmtt/m/n/12 Z0             = F                  !30: air roughness leng
th[] 
 []


Overfull \hbox (72.25021pt too wide) in paragraph at lines 1021--1021
[] \OT1/cmtt/m/n/12 ALPHA_CH       = F                  !31: Charnoch coefficie
nt for air[] 
 []


Overfull \hbox (16.67519pt too wide) in paragraph at lines 1021--1021
[] \OT1/cmtt/m/n/12 WINDX          = F                  !32: Wind in X directio
n[] 
 []


Overfull \hbox (16.67519pt too wide) in paragraph at lines 1021--1021
[] \OT1/cmtt/m/n/12 WINDY          = F                  !33: Wind in Y directio
n[] 
 []


Overfull \hbox (35.2002pt too wide) in paragraph at lines 1021--1021
[] \OT1/cmtt/m/n/12 CURRTX         = F                  !35: current in X direc
tion[] 
 []


Overfull \hbox (35.2002pt too wide) in paragraph at lines 1021--1021
[] \OT1/cmtt/m/n/12 CURRTY         = F                  !36: current in Y direc
tion[] 
 []


Overfull \hbox (103.12523pt too wide) in paragraph at lines 1021--1021
[] \OT1/cmtt/m/n/12 WATLEVOLD      = F                  !38: water level at pre
vious time step[] 
 []


Overfull \hbox (78.42522pt too wide) in paragraph at lines 1021--1021
[] \OT1/cmtt/m/n/12 DEPDT          = F                  !39: change of water le
vel in time[] 
 []

[23]
Overfull \hbox (72.25021pt too wide) in paragraph at lines 1021--1021
[] \OT1/cmtt/m/n/12 TAUW           = F                  !42: surface stress fro
m the wave[] 
 []


Overfull \hbox (78.42522pt too wide) in paragraph at lines 1021--1021
[] \OT1/cmtt/m/n/12 TAUWX          = F                  !43: surface stress in 
X direction[] 
 []


Overfull \hbox (78.42522pt too wide) in paragraph at lines 1021--1021
[] \OT1/cmtt/m/n/12 TAUWY          = F                  !44: surface stress in 
Y direction[] 
 []


Overfull \hbox (78.42522pt too wide) in paragraph at lines 1021--1021
[] \OT1/cmtt/m/n/12 TAUHF          = F                  !45: high frequency sur
face stress[] 
 []


Overfull \hbox (22.85019pt too wide) in paragraph at lines 1021--1021
[] \OT1/cmtt/m/n/12 TAUTOT         = F                  !46: total surface stre
ss[] 
 []


Overfull \hbox (109.30023pt too wide) in paragraph at lines 1021--1021
[] \OT1/cmtt/m/n/12 STOKESBOTTX    = F                  !47: Bottom Stokes drif
t in X direction[] 
 []


Overfull \hbox (109.30023pt too wide) in paragraph at lines 1021--1021
[] \OT1/cmtt/m/n/12 STOKESBOTTY    = F                  !48: Bottom Stokes drif
t in X direction[] 
 []


Overfull \hbox (115.47523pt too wide) in paragraph at lines 1021--1021
[] \OT1/cmtt/m/n/12 STOKESSURFX    = F                  !49: Surface Stokes dri
ft in X direction[] 
 []


Overfull \hbox (115.47523pt too wide) in paragraph at lines 1021--1021
[] \OT1/cmtt/m/n/12 STOKESSURFY    = F                  !50: Surface Stokes dri
ft in X direction[] 
 []


Overfull \hbox (134.00024pt too wide) in paragraph at lines 1021--1021
[] \OT1/cmtt/m/n/12 STOKESBAROX    = F                  !51: Barotropic Stokes 
drift in X direction[] 
 []


Overfull \hbox (134.00024pt too wide) in paragraph at lines 1021--1021
[] \OT1/cmtt/m/n/12 STOKESBAROY    = F                  !52: Barotropic Stokes 
drift in Y direction[] 
 []


Overfull \hbox (22.85019pt too wide) in paragraph at lines 1021--1021
[] \OT1/cmtt/m/n/12 RSXX           = F                  !53: RSXX potential of 
LH[] 
 []


Overfull \hbox (22.85019pt too wide) in paragraph at lines 1021--1021
[] \OT1/cmtt/m/n/12 RSXY           = F                  !54: RSXY potential of 
LH[] 
 []


Overfull \hbox (22.85019pt too wide) in paragraph at lines 1021--1021
[] \OT1/cmtt/m/n/12 RSYY           = F                  !55: RSYY potential of 
LH[] 
 []


Overfull \hbox (16.67519pt too wide) in paragraph at lines 1021--1021
[] \OT1/cmtt/m/n/12 ZETA_SETUP     = F                  !59: wave induced setup
.[] 
 []


Underfull \vbox (badness 3536) has occurred while \output is active []

 [24]
[25]
Overfull \hbox (16.67519pt too wide) in paragraph at lines 1120--1120
[] \OT1/cmtt/m/n/12 L_NESTING = F,      ! whether to produce nesting data or no
t[] 
 []


Overfull \hbox (22.85019pt too wide) in paragraph at lines 1120--1120
[] \OT1/cmtt/m/n/12 L_HOTFILE = F       ! whether to produce an hotfile as outp
ut[] 
 []


Overfull \hbox (282.20032pt too wide) in paragraph at lines 1120--1120
[] \OT1/cmtt/m/n/12 L_BOUC_PARAM = F    ! whether to produce a parametric bound
ary condition to be used by the nested grids[] 
 []


Overfull \hbox (282.20032pt too wide) in paragraph at lines 1120--1120
[] \OT1/cmtt/m/n/12 L_BOUC_SPEC = F     ! whether to produce a spectral   bound
ary condition to be used by the nested grids[] 
 []


Overfull \hbox (238.9753pt too wide) in paragraph at lines 1120--1120
[] \OT1/cmtt/m/n/12 NB_GRID_NEST = 0    ! number of nested grids. All lines bel
ow must contain NB_GRID_NEST entries.[] 
 []


Overfull \hbox (72.25021pt too wide) in paragraph at lines 1120--1120
[] \OT1/cmtt/m/n/12 ListIGRIDTYPE =     ! list of integers giving the type of n
ested grid[] 
 []


Overfull \hbox (29.02519pt too wide) in paragraph at lines 1120--1120
[] \OT1/cmtt/m/n/12 ListFILEGRID =      ! list of strings for the grid file nam
es.[] 
 []


Overfull \hbox (16.67519pt too wide) in paragraph at lines 1120--1120
[] \OT1/cmtt/m/n/12 ListFILEBOUND =     ! list of boundary file names to be use
d[] 
 []


Overfull \hbox (189.57527pt too wide) in paragraph at lines 1120--1120
[] \OT1/cmtt/m/n/12 ListBEGTC = ....    ! list of beginning time of the runs (u
sed for hotfile and boundary)[] 
 []


Overfull \hbox (4.32518pt too wide) in paragraph at lines 1120--1120
[] \OT1/cmtt/m/n/12 ListDELTC =         ! list of DELTC of the boundary output[
] 
 []


Overfull \hbox (4.32518pt too wide) in paragraph at lines 1120--1120
[] \OT1/cmtt/m/n/12 ListUNITC =         ! list of UNITS of the boundary output[
] 
 []


Overfull \hbox (4.32518pt too wide) in paragraph at lines 1120--1120
[] \OT1/cmtt/m/n/12 ListENDTC =         ! list of ENDTC of the boundary output[
] 
 []


Overfull \hbox (41.3752pt too wide) in paragraph at lines 1120--1120
[] \OT1/cmtt/m/n/12 ListPrefix =        ! list of prefixes used for the data ou
tput.[] 
 []

[26]
Overfull \hbox (38.09702pt too wide) in paragraph at lines 1147--1148
\OT1/cmr/m/n/12 then the files \OT1/cmtt/m/n/12 fine01[]hotfile.nc\OT1/cmr/m/n/
12 , \OT1/cmtt/m/n/12 fine01[]boundary.nc\OT1/cmr/m/n/12 , \OT1/cmtt/m/n/12 fin
e02[]hotfile.nc\OT1/cmr/m/n/12 ,
 []

[27]
Overfull \hbox (16.98174pt too wide) in paragraph at lines 1175--1176
[]\OT1/cmtt/m/n/12 ``PGMRES''\OT1/cmr/m/n/12 : Pipelined Gen-er-al-ized Min-i-m
al Resid-ual method. 
 []


Overfull \hbox (2.71811pt too wide) in paragraph at lines 1176--1177
[]\OT1/cmtt/m/n/12 ``KSPBCGSL''\OT1/cmr/m/n/12 : Im-ple-ments a slight vari-ant
 of the En-hanced
 []

No file manual.bbl.
[28] (./manual.aux)

LaTeX Warning: There were undefined references.

 ) 
Here is how much of TeX's memory you used:
 2202 strings out of 495021
 24876 string characters out of 6181349
 87018 words of memory out of 5000000
 5250 multiletter control sequences out of 15000+600000
 12816 words of font info for 54 fonts, out of 8000000 for 9000
 175 hyphenation exceptions out of 8191
 34i,5n,31p,410b,328s stack positions out of 5000i,500n,10000p,200000b,80000s

Output written on manual.dvi (28 pages, 74436 bytes).
